Added Component: Designator=C1(RB.1/.2)
Add component (AddParameter): Name = "%"; Value = ""; VariantName = "[No Variations]"
Add component (AddParameter): Name = "Alternative"; Value = ""; VariantName = "[No Variations]"
Add component (AddParameter): Name = "Amps"; Value = ""; VariantName = "[No Variations]"
Add component (AddParameter): Name = "Break"; Value = ""; VariantName = "[No Variations]"
Add component (AddParameter): Name = "Cost"; Value = ""; VariantName = "[No Variations]"
Add component (AddParameter): Name = "Function"; Value = ""; VariantName = "[No Variations]"
Add component (AddParameter): Name = "Man No"; Value = ""; VariantName = "[No Variations]"
Add component (AddParameter): Name = "MOQ"; Value = ""; VariantName = "[No Variations]"
Add component (AddParameter): Name = "Note"; Value = ""; VariantName = "[No Variations]"
Add component (AddParameter): Name = "Supplier"; Value = ""; VariantName = "[No Variations]"
Add component (AddParameter): Name = "Supplier No"; Value = ""; VariantName = "[No Variations]"
Add component (AddParameter): Name = "Voltage"; Value = ""; VariantName = "[No Variations]"
Add component (AddParameter): Name = "Watts"; Value = ""; VariantName = "[No Variations]"
Added Component: Designator=C2(RAD0.1)
Add component (AddParameter): Name = "%"; Value = ""; VariantName = "[No Variations]"
Add component (AddParameter): Name = "Alternative"; Value = ""; VariantName = "[No Variations]"
Add component (AddParameter): Name = "Amps"; Value = ""; VariantName = "[No Variations]"
Add component (AddParameter): Name = "Break"; Value = ""; VariantName = "[No Variations]"
Add component (AddParameter): Name = "Cost"; Value = ""; VariantName = "[No Variations]"
Add component (AddParameter): Name = "Function"; Value = ""; VariantName = "[No Variations]"
Add component (AddParameter): Name = "Man No"; Value = ""; VariantName = "[No Variations]"
Add component (AddParameter): Name = "MOQ"; Value = ""; VariantName = "[No Variations]"
Add component (AddParameter): Name = "Note"; Value = ""; VariantName = "[No Variations]"
Add component (AddParameter): Name = "Supplier"; Value = ""; VariantName = "[No Variations]"
Add component (AddParameter): Name = "Supplier No"; Value = ""; VariantName = "[No Variations]"
Add component (AddParameter): Name = "Voltage"; Value = ""; VariantName = "[No Variations]"
Add component (AddParameter): Name = "Watts"; Value = ""; VariantName = "[No Variations]"
Added Component: Designator=H1(HEADER SINGLE)
Added Component: Designator=H2(HEADER QUAD)
Added Component: Designator=H3(HEADER SINGLE)
Added Component: Designator=H4(HEADER SINGLE)
Added Component: Designator=H5(HEADER SINGLE)
Added Component: Designator=H6(HEADER SINGLE)
Added Component: Designator=IC1(DIP14)
Add component (AddParameter): Name = "Arrow Part Number"; Value = ""; VariantName = "[No Variations]"
Add component (AddParameter): Name = "Arrow Price/Stock"; Value = ""; VariantName = "[No Variations]"
Add component (AddParameter): Name = "Datasheet Link"; Value = "https://www.ti.com/lit/ds/symlink/tl071h.pdf?HQS=dis-mous-null-mousermode-dsf-pf-null-wwe"; VariantName = "[No Variations]"
Add component (AddParameter): Name = "Height"; Value = "5.08mm"; VariantName = "[No Variations]"
Add component (AddParameter): Name = "Manufacturer_Name"; Value = "TEXAS"; VariantName = "[No Variations]"
Add component (AddParameter): Name = "Manufacturer_Part_Number"; Value = "TL074CN"; VariantName = "[No Variations]"
Add component (AddParameter): Name = "Mouser Part Number"; Value = "511-TL074CN"; VariantName = "[No Variations]"
Add component (AddParameter): Name = "Mouser Price/Stock"; Value = "https://www.mouser.co.uk/ProductDetail/STMicroelectronics/TL074CN?qs=46HR8ipXVSu5lerO3SL9VA%3D%3D"; VariantName = "[No Variations]"
Added Component: Designator=IC2(DIP8)
Add component (AddParameter): Name = "Arrow Part Number"; Value = "TL072IP"; VariantName = "[No Variations]"
Add component (AddParameter): Name = "Arrow Price/Stock"; Value = "https://www.arrow.com/en/products/tl072ip/texas-instruments"; VariantName = "[No Variations]"
Add component (AddParameter): Name = "Datasheet Link"; Value = "http://www.ti.com/lit/ds/symlink/tl071a.pdf"; VariantName = "[No Variations]"
Add component (AddParameter): Name = "Height"; Value = "5.08mm"; VariantName = "[No Variations]"
Add component (AddParameter): Name = "Manufacturer_Name"; Value = "Texas Instruments"; VariantName = "[No Variations]"
Add component (AddParameter): Name = "Manufacturer_Part_Number"; Value = "TL072IP"; VariantName = "[No Variations]"
Add component (AddParameter): Name = "Mouser Part Number"; Value = "595-TL072IP"; VariantName = "[No Variations]"
Add component (AddParameter): Name = "Mouser Price/Stock"; Value = "https://www.mouser.co.uk/ProductDetail/Texas-Instruments/TL072IP?qs=5BZzbFV4k2v7IBrcArRPQw%3D%3D"; VariantName = "[No Variations]"
Added Component: Designator=R1(AXIAL0.4)
Add component (AddParameter): Name = "%"; Value = ""; VariantName = "[No Variations]"
Add component (AddParameter): Name = "Alternative"; Value = ""; VariantName = "[No Variations]"
Add component (AddParameter): Name = "Amps"; Value = ""; VariantName = "[No Variations]"
Add component (AddParameter): Name = "Break"; Value = ""; VariantName = "[No Variations]"
Add component (AddParameter): Name = "Cost"; Value = ""; VariantName = "[No Variations]"
Add component (AddParameter): Name = "Function"; Value = ""; VariantName = "[No Variations]"
Add component (AddParameter): Name = "Man No"; Value = ""; VariantName = "[No Variations]"
Add component (AddParameter): Name = "MOQ"; Value = ""; VariantName = "[No Variations]"
Add component (AddParameter): Name = "Notes"; Value = ""; VariantName = "[No Variations]"
Add component (AddParameter): Name = "Supplier"; Value = ""; VariantName = "[No Variations]"
Add component (AddParameter): Name = "Supplier No"; Value = ""; VariantName = "[No Variations]"
Add component (AddParameter): Name = "Voltage"; Value = ""; VariantName = "[No Variations]"
Add component (AddParameter): Name = "Watts"; Value = ""; VariantName = "[No Variations]"
Added Component: Designator=R2(AXIAL0.4)
Add component (AddParameter): Name = "%"; Value = ""; VariantName = "[No Variations]"
Add component (AddParameter): Name = "Alternative"; Value = ""; VariantName = "[No Variations]"
Add component (AddParameter): Name = "Amps"; Value = ""; VariantName = "[No Variations]"
Add component (AddParameter): Name = "Break"; Value = ""; VariantName = "[No Variations]"
Add component (AddParameter): Name = "Cost"; Value = ""; VariantName = "[No Variations]"
Add component (AddParameter): Name = "Function"; Value = ""; VariantName = "[No Variations]"
Add component (AddParameter): Name = "Man No"; Value = ""; VariantName = "[No Variations]"
Add component (AddParameter): Name = "MOQ"; Value = ""; VariantName = "[No Variations]"
Add component (AddParameter): Name = "Notes"; Value = ""; VariantName = "[No Variations]"
Add component (AddParameter): Name = "Supplier"; Value = ""; VariantName = "[No Variations]"
Add component (AddParameter): Name = "Supplier No"; Value = ""; VariantName = "[No Variations]"
Add component (AddParameter): Name = "Voltage"; Value = ""; VariantName = "[No Variations]"
Add component (AddParameter): Name = "Watts"; Value = ""; VariantName = "[No Variations]"
Added Component: Designator=R3(AXIAL0.4)
Add component (AddParameter): Name = "%"; Value = ""; VariantName = "[No Variations]"
Add component (AddParameter): Name = "Alternative"; Value = ""; VariantName = "[No Variations]"
Add component (AddParameter): Name = "Amps"; Value = ""; VariantName = "[No Variations]"
Add component (AddParameter): Name = "Break"; Value = ""; VariantName = "[No Variations]"
Add component (AddParameter): Name = "Cost"; Value = ""; VariantName = "[No Variations]"
Add component (AddParameter): Name = "Function"; Value = ""; VariantName = "[No Variations]"
Add component (AddParameter): Name = "Man No"; Value = ""; VariantName = "[No Variations]"
Add component (AddParameter): Name = "MOQ"; Value = ""; VariantName = "[No Variations]"
Add component (AddParameter): Name = "Notes"; Value = ""; VariantName = "[No Variations]"
Add component (AddParameter): Name = "Supplier"; Value = ""; VariantName = "[No Variations]"
Add component (AddParameter): Name = "Supplier No"; Value = ""; VariantName = "[No Variations]"
Add component (AddParameter): Name = "Voltage"; Value = ""; VariantName = "[No Variations]"
Add component (AddParameter): Name = "Watts"; Value = ""; VariantName = "[No Variations]"
Added Component: Designator=R4(AXIAL0.4)
Add component (AddParameter): Name = "%"; Value = ""; VariantName = "[No Variations]"
Add component (AddParameter): Name = "Alternative"; Value = ""; VariantName = "[No Variations]"
Add component (AddParameter): Name = "Amps"; Value = ""; VariantName = "[No Variations]"
Add component (AddParameter): Name = "Break"; Value = ""; VariantName = "[No Variations]"
Add component (AddParameter): Name = "Cost"; Value = ""; VariantName = "[No Variations]"
Add component (AddParameter): Name = "Function"; Value = ""; VariantName = "[No Variations]"
Add component (AddParameter): Name = "Man No"; Value = ""; VariantName = "[No Variations]"
Add component (AddParameter): Name = "MOQ"; Value = ""; VariantName = "[No Variations]"
Add component (AddParameter): Name = "Notes"; Value = ""; VariantName = "[No Variations]"
Add component (AddParameter): Name = "Supplier"; Value = ""; VariantName = "[No Variations]"
Add component (AddParameter): Name = "Supplier No"; Value = ""; VariantName = "[No Variations]"
Add component (AddParameter): Name = "Voltage"; Value = ""; VariantName = "[No Variations]"
Add component (AddParameter): Name = "Watts"; Value = ""; VariantName = "[No Variations]"
Added Component: Designator=R5(AXIAL0.4)
Add component (AddParameter): Name = "%"; Value = ""; VariantName = "[No Variations]"
Add component (AddParameter): Name = "Alternative"; Value = ""; VariantName = "[No Variations]"
Add component (AddParameter): Name = "Amps"; Value = ""; VariantName = "[No Variations]"
Add component (AddParameter): Name = "Break"; Value = ""; VariantName = "[No Variations]"
Add component (AddParameter): Name = "Cost"; Value = ""; VariantName = "[No Variations]"
Add component (AddParameter): Name = "Function"; Value = ""; VariantName = "[No Variations]"
Add component (AddParameter): Name = "Man No"; Value = ""; VariantName = "[No Variations]"
Add component (AddParameter): Name = "MOQ"; Value = ""; VariantName = "[No Variations]"
Add component (AddParameter): Name = "Notes"; Value = ""; VariantName = "[No Variations]"
Add component (AddParameter): Name = "Supplier"; Value = ""; VariantName = "[No Variations]"
Add component (AddParameter): Name = "Supplier No"; Value = ""; VariantName = "[No Variations]"
Add component (AddParameter): Name = "Voltage"; Value = ""; VariantName = "[No Variations]"
Add component (AddParameter): Name = "Watts"; Value = ""; VariantName = "[No Variations]"
Added Component: Designator=R6(AXIAL0.4)
Add component (AddParameter): Name = "%"; Value = ""; VariantName = "[No Variations]"
Add component (AddParameter): Name = "Alternative"; Value = ""; VariantName = "[No Variations]"
Add component (AddParameter): Name = "Amps"; Value = ""; VariantName = "[No Variations]"
Add component (AddParameter): Name = "Break"; Value = ""; VariantName = "[No Variations]"
Add component (AddParameter): Name = "Cost"; Value = ""; VariantName = "[No Variations]"
Add component (AddParameter): Name = "Function"; Value = ""; VariantName = "[No Variations]"
Add component (AddParameter): Name = "Man No"; Value = ""; VariantName = "[No Variations]"
Add component (AddParameter): Name = "MOQ"; Value = ""; VariantName = "[No Variations]"
Add component (AddParameter): Name = "Notes"; Value = ""; VariantName = "[No Variations]"
Add component (AddParameter): Name = "Supplier"; Value = ""; VariantName = "[No Variations]"
Add component (AddParameter): Name = "Supplier No"; Value = ""; VariantName = "[No Variations]"
Add component (AddParameter): Name = "Voltage"; Value = ""; VariantName = "[No Variations]"
Add component (AddParameter): Name = "Watts"; Value = ""; VariantName = "[No Variations]"
Added Component: Designator=R7(AXIAL0.4)
Add component (AddParameter): Name = "%"; Value = ""; VariantName = "[No Variations]"
Add component (AddParameter): Name = "Alternative"; Value = ""; VariantName = "[No Variations]"
Add component (AddParameter): Name = "Amps"; Value = ""; VariantName = "[No Variations]"
Add component (AddParameter): Name = "Break"; Value = ""; VariantName = "[No Variations]"
Add component (AddParameter): Name = "Cost"; Value = ""; VariantName = "[No Variations]"
Add component (AddParameter): Name = "Function"; Value = ""; VariantName = "[No Variations]"
Add component (AddParameter): Name = "Man No"; Value = ""; VariantName = "[No Variations]"
Add component (AddParameter): Name = "MOQ"; Value = ""; VariantName = "[No Variations]"
Add component (AddParameter): Name = "Notes"; Value = ""; VariantName = "[No Variations]"
Add component (AddParameter): Name = "Supplier"; Value = ""; VariantName = "[No Variations]"
Add component (AddParameter): Name = "Supplier No"; Value = ""; VariantName = "[No Variations]"
Add component (AddParameter): Name = "Voltage"; Value = ""; VariantName = "[No Variations]"
Add component (AddParameter): Name = "Watts"; Value = ""; VariantName = "[No Variations]"
Added Component: Designator=R8(AXIAL0.4)
Add component (AddParameter): Name = "%"; Value = ""; VariantName = "[No Variations]"
Add component (AddParameter): Name = "Alternative"; Value = ""; VariantName = "[No Variations]"
Add component (AddParameter): Name = "Amps"; Value = ""; VariantName = "[No Variations]"
Add component (AddParameter): Name = "Break"; Value = ""; VariantName = "[No Variations]"
Add component (AddParameter): Name = "Cost"; Value = ""; VariantName = "[No Variations]"
Add component (AddParameter): Name = "Function"; Value = ""; VariantName = "[No Variations]"
Add component (AddParameter): Name = "Man No"; Value = ""; VariantName = "[No Variations]"
Add component (AddParameter): Name = "MOQ"; Value = ""; VariantName = "[No Variations]"
Add component (AddParameter): Name = "Notes"; Value = ""; VariantName = "[No Variations]"
Add component (AddParameter): Name = "Supplier"; Value = ""; VariantName = "[No Variations]"
Add component (AddParameter): Name = "Supplier No"; Value = ""; VariantName = "[No Variations]"
Add component (AddParameter): Name = "Voltage"; Value = ""; VariantName = "[No Variations]"
Add component (AddParameter): Name = "Watts"; Value = ""; VariantName = "[No Variations]"
Added Component: Designator=R9(AXIAL0.4)
Add component (AddParameter): Name = "%"; Value = ""; VariantName = "[No Variations]"
Add component (AddParameter): Name = "Alternative"; Value = ""; VariantName = "[No Variations]"
Add component (AddParameter): Name = "Amps"; Value = ""; VariantName = "[No Variations]"
Add component (AddParameter): Name = "Break"; Value = ""; VariantName = "[No Variations]"
Add component (AddParameter): Name = "Cost"; Value = ""; VariantName = "[No Variations]"
Add component (AddParameter): Name = "Function"; Value = ""; VariantName = "[No Variations]"
Add component (AddParameter): Name = "Man No"; Value = ""; VariantName = "[No Variations]"
Add component (AddParameter): Name = "MOQ"; Value = ""; VariantName = "[No Variations]"
Add component (AddParameter): Name = "Notes"; Value = ""; VariantName = "[No Variations]"
Add component (AddParameter): Name = "Supplier"; Value = ""; VariantName = "[No Variations]"
Add component (AddParameter): Name = "Supplier No"; Value = ""; VariantName = "[No Variations]"
Add component (AddParameter): Name = "Voltage"; Value = ""; VariantName = "[No Variations]"
Add component (AddParameter): Name = "Watts"; Value = ""; VariantName = "[No Variations]"
Added Component: Designator=R10(AXIAL0.4)
Add component (AddParameter): Name = "%"; Value = ""; VariantName = "[No Variations]"
Add component (AddParameter): Name = "Alternative"; Value = ""; VariantName = "[No Variations]"
Add component (AddParameter): Name = "Amps"; Value = ""; VariantName = "[No Variations]"
Add component (AddParameter): Name = "Break"; Value = ""; VariantName = "[No Variations]"
Add component (AddParameter): Name = "Cost"; Value = ""; VariantName = "[No Variations]"
Add component (AddParameter): Name = "Function"; Value = ""; VariantName = "[No Variations]"
Add component (AddParameter): Name = "Man No"; Value = ""; VariantName = "[No Variations]"
Add component (AddParameter): Name = "MOQ"; Value = ""; VariantName = "[No Variations]"
Add component (AddParameter): Name = "Notes"; Value = ""; VariantName = "[No Variations]"
Add component (AddParameter): Name = "Supplier"; Value = ""; VariantName = "[No Variations]"
Add component (AddParameter): Name = "Supplier No"; Value = ""; VariantName = "[No Variations]"
Add component (AddParameter): Name = "Voltage"; Value = ""; VariantName = "[No Variations]"
Add component (AddParameter): Name = "Watts"; Value = ""; VariantName = "[No Variations]"
Added Component: Designator=TP1(TRIMPOT)
Add Component: Footprint Not Found 3386F1104TLF
Add Component: Footprint Not Found 3386F1104TLF
Added Component: Designator=VR3(3386F1104TLF)
Add component (AddParameter): Name = "Arrow Part Number"; Value = "3386F-1-104TLF"; VariantName = "[No Variations]"
Add component (AddParameter): Name = "Arrow Price/Stock"; Value = "https://www.arrow.com/en/products/3386f-1-104tlf/bourns?region=nac"; VariantName = "[No Variations]"
Add component (AddParameter): Name = "Datasheet Link"; Value = "https://www.bourns.com/docs/Product-Datasheets/3386.pdf"; VariantName = "[No Variations]"
Add component (AddParameter): Name = "Height"; Value = "5.08mm"; VariantName = "[No Variations]"
Add component (AddParameter): Name = "Manufacturer_Name"; Value = "Bourns"; VariantName = "[No Variations]"
Add component (AddParameter): Name = "Manufacturer_Part_Number"; Value = "3386F-1-104TLF"; VariantName = "[No Variations]"
Add component (AddParameter): Name = "Mouser Part Number"; Value = "652-3386F-1-104TLF"; VariantName = "[No Variations]"
Add component (AddParameter): Name = "Mouser Price/Stock"; Value = "https://www.mouser.co.uk/ProductDetail/Bourns/3386F-1-104TLF?qs=jh2Y1wKDsmjfFzCYrNL%2FAQ%3D%3D"; VariantName = "[No Variations]"
Add Component: Footprint Not Found 3386F1104TLF
Added Pin To Net: NetName=D_Amp_Out Pin=C1-1
Added Pin To Net: NetName=D_Amp_Out Pin=IC1-1
Added Pin To Net: NetName=D_Amp_Out Pin=R1-2
Added Pin To Net: NetName=D_Amp_Out Pin=R5-1
Added Pin To Net: NetName=D_Amp_Out Pin=VR3-1
Added Net: Name=D_Amp_Out
Added Pin To Net: NetName=Differn_Out Pin=IC1-13
Added Pin To Net: NetName=Differn_Out Pin=IC1-14
Added Pin To Net: NetName=Differn_Out Pin=R7-1
Added Net: Name=Differn_Out
Added Pin To Net: NetName=Feedback_Output  Pin=H3-1
Added Pin To Net: NetName=Feedback_Output  Pin=IC2-6
Added Pin To Net: NetName=Feedback_Output  Pin=R2-1
Added Pin To Net: NetName=Feedback_Output  Pin=R8-2
Added Pin To Net: NetName=Feedback_Output  Pin=R9-1
Added Net: Name=Feedback_Output 
Added Pin To Net: NetName=GND Pin=C2-1
Added Pin To Net: NetName=GND Pin=H2-1
Added Pin To Net: NetName=GND Pin=H2-2
Added Pin To Net: NetName=GND Pin=H2-3
Added Pin To Net: NetName=GND Pin=H2-4
Added Pin To Net: NetName=GND Pin=IC1-5
Added Pin To Net: NetName=GND Pin=IC2-3
Added Pin To Net: NetName=GND Pin=R4-1
Added Pin To Net: NetName=GND Pin=R9-2
Added Net: Name=GND
Added Pin To Net: NetName=Input Pin=H4-1
Added Net: Name=Input
Added Pin To Net: NetName=Integral_Out Pin=IC1-8
Added Pin To Net: NetName=Integral_Out Pin=IC1-9
Added Pin To Net: NetName=Integral_Out Pin=R10-1
Added Net: Name=Integral_Out
Added Pin To Net: NetName=NetC1_2 Pin=C1-2
Added Pin To Net: NetName=NetC1_2 Pin=IC1-12
Added Net: Name=NetC1_2
Added Pin To Net: NetName=NetC2_2 Pin=C2-2
Added Pin To Net: NetName=NetC2_2 Pin=IC1-10
Added Pin To Net: NetName=NetC2_2 Pin=VR3-2
Added Net: Name=NetC2_2
Added Pin To Net: NetName=NetIC1_2 Pin=IC1-2
Added Pin To Net: NetName=NetIC1_2 Pin=R1-1
Added Pin To Net: NetName=NetIC1_2 Pin=R2-2
Added Net: Name=NetIC1_2
Added Pin To Net: NetName=NetIC1_3 Pin=IC1-3
Added Pin To Net: NetName=NetIC1_3 Pin=R3-2
Added Pin To Net: NetName=NetIC1_3 Pin=R4-2
Added Net: Name=NetIC1_3
Added Pin To Net: NetName=NetIC1_6 Pin=IC1-6
Added Pin To Net: NetName=NetIC1_6 Pin=R5-2
Added Pin To Net: NetName=NetIC1_6 Pin=TP1-1
Added Net: Name=NetIC1_6
Added Pin To Net: NetName=NetIC2_2 Pin=IC2-2
Added Pin To Net: NetName=NetIC2_2 Pin=R6-2
Added Pin To Net: NetName=NetIC2_2 Pin=R7-2
Added Pin To Net: NetName=NetIC2_2 Pin=R10-2
Added Net: Name=NetIC2_2
Added Pin To Net: NetName=NetIC2_7 Pin=IC2-7
Added Pin To Net: NetName=NetIC2_7 Pin=R8-1
Added Net: Name=NetIC2_7
Added Pin To Net: NetName=NetR3_1 Pin=R3-1
Added Net: Name=NetR3_1
Added Pin To Net: NetName=PID_Output Pin=H1-1
Added Pin To Net: NetName=PID_Output Pin=IC2-1
Added Pin To Net: NetName=PID_Output Pin=IC2-5
Added Net: Name=PID_Output
Added Pin To Net: NetName=Prop_Out Pin=IC1-7
Added Pin To Net: NetName=Prop_Out Pin=R6-1
Added Pin To Net: NetName=Prop_Out Pin=TP1-2
Added Net: Name=Prop_Out
Added Pin To Net: NetName=VCC Pin=H5-1
Added Pin To Net: NetName=VCC Pin=IC1-4
Added Pin To Net: NetName=VCC Pin=IC2-8
Added Net: Name=VCC
Added Pin To Net: NetName=VEE Pin=H6-1
Added Pin To Net: NetName=VEE Pin=IC1-11
Added Pin To Net: NetName=VEE Pin=IC2-4
Added Net: Name=VEE
Added Class: Name=Sheet1
